
2023/08/22 (07:29:05) | ===> btop++ v.1.2.13
2023/08/22 (07:29:05) | INFO: Logger set to DEBUG
2023/08/22 (07:29:05) | DEBUG: Using locale en_US.UTF-8
2023/08/22 (07:29:05) | ERROR: No tty detected!
btop++ needs an interactive shell to run.
2023/08/22 (07:29:05) | INFO: Quitting! Runtime: 00:00:00

2023/08/22 (23:27:58) | ===> btop++ v.1.2.13
2023/08/22 (23:27:58) | INFO: Logger set to DEBUG
2023/08/22 (23:27:58) | DEBUG: Using locale en_US.UTF-8
2023/08/22 (23:27:58) | INFO: Running on /dev/pts/2
2023/08/22 (23:27:58) | DEBUG: Loading theme file: /home/dmne/.config/btop/themes/HotPurpleTrafficLight.theme

2023/08/23 (20:49:38) | ===> btop++ v.1.2.13
2023/08/23 (20:49:38) | INFO: Logger set to DEBUG
2023/08/23 (20:49:38) | DEBUG: Using locale en_US.UTF-8
2023/08/23 (20:49:38) | INFO: Running on /dev/pts/0
2023/08/23 (20:49:38) | DEBUG: Loading theme file: /home/dmne/.config/btop/themes/HotPurpleTrafficLight.theme

2023/08/24 (22:09:52) | ===> btop++ v.1.2.13
2023/08/24 (22:09:52) | INFO: Logger set to DEBUG
2023/08/24 (22:09:52) | DEBUG: Using locale en_US.UTF-8
2023/08/24 (22:09:52) | INFO: Running on /dev/pts/2
2023/08/24 (22:09:52) | DEBUG: Loading theme file: /home/dmne/.config/btop/themes/HotPurpleTrafficLight.theme

2023/08/26 (07:11:09) | ===> btop++ v.1.2.13
2023/08/26 (07:11:09) | INFO: Logger set to DEBUG
2023/08/26 (07:11:09) | DEBUG: Using locale en_US.UTF-8
2023/08/26 (07:11:09) | INFO: Running on /dev/pts/0
2023/08/26 (07:11:09) | DEBUG: Loading theme file: /home/dmne/.config/btop/themes/HotPurpleTrafficLight.theme

2023/08/26 (07:14:54) | ===> btop++ v.1.2.13
2023/08/26 (07:14:54) | INFO: Logger set to DEBUG
2023/08/26 (07:14:54) | DEBUG: Using locale en_US.UTF-8
2023/08/26 (07:14:54) | INFO: Running on /dev/pts/0
2023/08/26 (07:14:54) | DEBUG: Loading theme file: /home/dmne/.config/btop/themes/HotPurpleTrafficLight.theme

2023/08/26 (08:20:58) | ===> btop++ v.1.2.13
2023/08/26 (08:20:58) | INFO: Logger set to DEBUG
2023/08/26 (08:20:58) | DEBUG: Using locale en_US.UTF-8
2023/08/26 (08:20:58) | INFO: Running on /dev/pts/4
2023/08/26 (08:20:58) | DEBUG: Loading theme file: /home/dmne/.config/btop/themes/HotPurpleTrafficLight.theme

2023/08/27 (14:42:01) | ===> btop++ v.1.2.13
2023/08/27 (14:42:01) | INFO: Logger set to DEBUG
2023/08/27 (14:42:01) | DEBUG: Using locale en_US.UTF-8
2023/08/27 (14:42:01) | INFO: Running on /dev/pts/2
2023/08/27 (14:42:01) | DEBUG: Loading theme file: /home/dmne/.config/btop/themes/HotPurpleTrafficLight.theme

2023/08/28 (21:51:54) | ===> btop++ v.1.2.13
2023/08/28 (21:51:54) | INFO: Logger set to DEBUG
2023/08/28 (21:51:54) | DEBUG: Using locale en_US.UTF-8
2023/08/28 (21:51:54) | INFO: Running on /dev/pts/1
2023/08/28 (21:51:54) | DEBUG: Loading theme file: /home/dmne/.config/btop/themes/HotPurpleTrafficLight.theme

2023/08/29 (02:37:18) | ===> btop++ v.1.2.13
2023/08/29 (02:37:18) | INFO: Logger set to DEBUG
2023/08/29 (02:37:18) | DEBUG: Using locale en_US.UTF-8
2023/08/29 (02:37:18) | INFO: Running on /dev/pts/4
2023/08/29 (02:37:18) | DEBUG: Loading theme file: /home/dmne/.config/btop/themes/HotPurpleTrafficLight.theme

2023/08/29 (04:33:15) | ===> btop++ v.1.2.13
2023/08/29 (04:33:15) | INFO: Logger set to DEBUG
2023/08/29 (04:33:15) | DEBUG: Using locale en_US.UTF-8
2023/08/29 (04:33:15) | INFO: Running on /dev/pts/3
2023/08/29 (04:33:15) | DEBUG: Loading theme file: /home/dmne/.config/btop/themes/HotPurpleTrafficLight.theme

2023/09/07 (22:13:25) | ===> btop++ v.1.2.13
2023/09/07 (22:13:25) | INFO: Logger set to DEBUG
2023/09/07 (22:13:25) | DEBUG: Using locale en_PH.UTF-8
2023/09/07 (22:13:25) | INFO: Running on /dev/pts/2
2023/09/07 (22:13:25) | DEBUG: Loading theme file: /home/dmne/.config/btop/themes/HotPurpleTrafficLight.theme

2023/09/08 (13:38:59) | ===> btop++ v.1.2.13
2023/09/08 (13:38:59) | INFO: Logger set to DEBUG
2023/09/08 (13:38:59) | DEBUG: Using locale en_PH.UTF-8
2023/09/08 (13:38:59) | INFO: Running on /dev/pts/2
2023/09/08 (13:38:59) | DEBUG: Loading theme file: /home/dmne/.config/btop/themes/HotPurpleTrafficLight.theme

2023/09/08 (21:29:36) | ===> btop++ v.1.2.13
2023/09/08 (21:29:36) | INFO: Logger set to DEBUG
2023/09/08 (21:29:36) | DEBUG: Using locale en_PH.UTF-8
2023/09/08 (21:29:36) | INFO: Running on /dev/pts/1
2023/09/08 (21:29:36) | DEBUG: Loading theme file: /home/dmne/.config/btop/themes/HotPurpleTrafficLight.theme

2023/09/08 (21:32:58) | ===> btop++ v.1.2.13
2023/09/08 (21:32:58) | INFO: Logger set to DEBUG
2023/09/08 (21:32:58) | DEBUG: Using locale en_PH.UTF-8
2023/09/08 (21:32:58) | INFO: Running on /dev/pts/3
2023/09/08 (21:32:58) | DEBUG: Loading theme file: /home/dmne/.config/btop/themes/HotPurpleTrafficLight.theme

2023/09/08 (21:33:18) | ===> btop++ v.1.2.13
2023/09/08 (21:33:18) | INFO: Logger set to DEBUG
2023/09/08 (21:33:18) | DEBUG: Using locale en_PH.UTF-8
2023/09/08 (21:33:18) | INFO: Running on /dev/pts/3
2023/09/08 (21:33:18) | DEBUG: Loading theme file: /home/dmne/.config/btop/themes/HotPurpleTrafficLight.theme

2023/09/09 (18:14:29) | ===> btop++ v.1.2.13
2023/09/09 (18:14:29) | INFO: Logger set to DEBUG
2023/09/09 (18:14:29) | DEBUG: Using locale en_PH.UTF-8
2023/09/09 (18:14:29) | INFO: Running on /dev/pts/2
2023/09/09 (18:14:29) | DEBUG: Loading theme file: /home/dmne/.config/btop/themes/HotPurpleTrafficLight.theme

2023/09/09 (21:07:05) | ===> btop++ v.1.2.13
2023/09/09 (21:07:05) | INFO: Logger set to DEBUG
2023/09/09 (21:07:05) | DEBUG: Using locale en_PH.UTF-8
2023/09/09 (21:07:05) | INFO: Running on /dev/pts/3
2023/09/09 (21:07:05) | DEBUG: Loading theme file: /home/dmne/.config/btop/themes/HotPurpleTrafficLight.theme

2023/09/10 (11:17:01) | ===> btop++ v.1.2.13
2023/09/10 (11:17:01) | INFO: Logger set to DEBUG
2023/09/10 (11:17:01) | DEBUG: Using locale en_PH.UTF-8
2023/09/10 (11:17:01) | INFO: Running on /dev/pts/2
2023/09/10 (11:17:01) | DEBUG: Loading theme file: /home/dmne/.config/btop/themes/HotPurpleTrafficLight.theme

2023/09/10 (13:18:02) | ===> btop++ v.1.2.13
2023/09/10 (13:18:02) | INFO: Logger set to DEBUG
2023/09/10 (13:18:02) | DEBUG: Using locale en_PH.UTF-8
2023/09/10 (13:18:02) | INFO: Running on /dev/pts/2
2023/09/10 (13:18:02) | DEBUG: Loading theme file: /home/dmne/.config/btop/themes/HotPurpleTrafficLight.theme

2023/09/11 (11:42:30) | ===> btop++ v.1.2.13
2023/09/11 (11:42:30) | INFO: Logger set to DEBUG
2023/09/11 (11:42:30) | DEBUG: Using locale en_PH.UTF-8
2023/09/11 (11:42:30) | INFO: Running on /dev/pts/1
2023/09/11 (11:42:30) | DEBUG: Loading theme file: /home/dmne/.config/btop/themes/HotPurpleTrafficLight.theme

2023/09/11 (13:08:13) | ===> btop++ v.1.2.13
2023/09/11 (13:08:13) | INFO: Logger set to DEBUG
2023/09/11 (13:08:13) | DEBUG: Using locale en_PH.UTF-8
2023/09/11 (13:08:13) | INFO: Running on /dev/pts/1
2023/09/11 (13:08:13) | DEBUG: Loading theme file: /home/dmne/.config/btop/themes/HotPurpleTrafficLight.theme

2023/09/11 (22:06:51) | ===> btop++ v.1.2.13
2023/09/11 (22:06:51) | INFO: Logger set to DEBUG
2023/09/11 (22:06:51) | DEBUG: Using locale en_PH.UTF-8
2023/09/11 (22:06:51) | INFO: Running on /dev/pts/1
2023/09/11 (22:06:51) | DEBUG: Loading theme file: /home/dmne/.config/btop/themes/HotPurpleTrafficLight.theme

2023/09/12 (11:28:58) | ===> btop++ v.1.2.13
2023/09/12 (11:28:58) | INFO: Logger set to DEBUG
2023/09/12 (11:28:58) | DEBUG: Using locale en_PH.UTF-8
2023/09/12 (11:28:58) | INFO: Running on /dev/pts/0
2023/09/12 (11:28:58) | DEBUG: Loading theme file: /home/dmne/.config/btop/themes/HotPurpleTrafficLight.theme
2023/09/12 (11:29:05) | INFO: Quitting! Runtime: 00:00:07

2023/09/16 (13:41:09) | ===> btop++ v.1.2.13
2023/09/16 (13:41:09) | INFO: Logger set to DEBUG
2023/09/16 (13:41:09) | DEBUG: Using locale en_US.UTF-8
2023/09/16 (13:41:09) | INFO: Running on /dev/pts/0
2023/09/16 (13:41:09) | DEBUG: Loading theme file: /home/dmne/.config/btop/themes/HotPurpleTrafficLight.theme

2023/09/16 (14:37:04) | ===> btop++ v.1.2.13
2023/09/16 (14:37:04) | INFO: Logger set to DEBUG
2023/09/16 (14:37:04) | DEBUG: Using locale en_US.UTF-8
2023/09/16 (14:37:04) | INFO: Running on /dev/pts/1
2023/09/16 (14:37:04) | DEBUG: Loading theme file: /home/dmne/.config/btop/themes/HotPurpleTrafficLight.theme

2023/09/18 (15:00:16) | ===> btop++ v.1.2.13
2023/09/18 (15:00:16) | INFO: Logger set to DEBUG
2023/09/18 (15:00:16) | DEBUG: Using locale en_US.UTF-8
2023/09/18 (15:00:16) | INFO: Running on /dev/pts/0
2023/09/18 (15:00:16) | DEBUG: Loading theme file: /home/dmne/.config/btop/themes/HotPurpleTrafficLight.theme

2023/09/18 (15:03:00) | ===> btop++ v.1.2.13
2023/09/18 (15:03:00) | INFO: Logger set to DEBUG
2023/09/18 (15:03:00) | DEBUG: Using locale en_US.UTF-8
2023/09/18 (15:03:00) | INFO: Running on /dev/pts/0
2023/09/18 (15:03:00) | DEBUG: Loading theme file: /home/dmne/.config/btop/themes/HotPurpleTrafficLight.theme

2023/09/18 (19:18:28) | ===> btop++ v.1.2.13
2023/09/18 (19:18:28) | INFO: Logger set to DEBUG
2023/09/18 (19:18:28) | DEBUG: Using locale en_US.UTF-8
2023/09/18 (19:18:28) | INFO: Running on /dev/pts/0
2023/09/18 (19:18:28) | DEBUG: Loading theme file: /home/dmne/.config/btop/themes/HotPurpleTrafficLight.theme

2023/09/18 (21:39:50) | ===> btop++ v.1.2.13
2023/09/18 (21:39:50) | INFO: Logger set to DEBUG
2023/09/18 (21:39:50) | DEBUG: Using locale en_US.UTF-8
2023/09/18 (21:39:50) | INFO: Running on /dev/pts/0
2023/09/18 (21:39:50) | DEBUG: Loading theme file: /home/dmne/.config/btop/themes/HotPurpleTrafficLight.theme

2023/09/19 (19:28:17) | ===> btop++ v.1.2.13
2023/09/19 (19:28:17) | INFO: Logger set to DEBUG
2023/09/19 (19:28:17) | DEBUG: Using locale en_US.UTF-8
2023/09/19 (19:28:17) | INFO: Running on /dev/pts/0
2023/09/19 (19:28:17) | DEBUG: Loading theme file: /home/dmne/.config/btop/themes/HotPurpleTrafficLight.theme

2023/09/21 (18:46:35) | ===> btop++ v.1.2.13
2023/09/21 (18:46:35) | INFO: Logger set to DEBUG
2023/09/21 (18:46:35) | DEBUG: Using locale en_PH.UTF-8
2023/09/21 (18:46:35) | INFO: Running on /dev/pts/0
2023/09/21 (18:46:35) | DEBUG: Loading theme file: /home/dmne/.config/btop/themes/HotPurpleTrafficLight.theme

2023/09/21 (23:38:45) | ===> btop++ v.1.2.13
2023/09/21 (23:38:45) | INFO: Logger set to DEBUG
2023/09/21 (23:38:45) | DEBUG: Using locale en_PH.UTF-8
2023/09/21 (23:38:45) | INFO: Running on /dev/pts/0
2023/09/21 (23:38:45) | DEBUG: Loading theme file: /home/dmne/.config/btop/themes/HotPurpleTrafficLight.theme
